<?xml version="1.0" encoding="UTF-8"?>
<!-- Generated by org.testng.reporters.JUnitReportReporter -->
<testsuite hostname="N01-077" name="com.example.test.FormTest" tests="4" failures="0" timestamp="7 Feb 2018 08:56:24 GMT" time="2.230" errors="0">
  <testcase name="doGet" time="0.019" classname="com.example.test.FormTest"/>
  <testcase name="doGet" time="0.059" classname="com.example.test.FormTest"/>
  <testcase name="doGet" time="0.048" classname="com.example.test.FormTest"/>
  <testcase name="doGet" time="2.104" classname="com.example.test.FormTest"/>
</testsuite> <!-- com.example.test.FormTest -->
